<?xml version="1.0" encoding="UTF-8"?>
<!-- Generated by org.testng.reporters.JUnitReportReporter -->
<testsuite hostname="WIN-K3UOBD9PO7V" failures="0" tests="1" name="tc.AddictionTest" time="0.048" errors="0" timestamp="2021-08-09T16:48:06 MSK" skipped="0">
  <testcase classname="tc.AddictionTest" name="sumTest" time="0.048"/>
  <system-out/>
</testsuite> <!-- tc.AddictionTest -->
