<?xml version="1.0" encoding="UTF-8"?>
<!-- Generated by org.testng.reporters.JUnitReportReporter -->
<testsuite hostname="WIN-K3UOBD9PO7V" failures="0" tests="1" name="tc.SubtractionTest" time="0.000" errors="0" timestamp="2021-08-09T16:48:06 MSK" skipped="0">
  <testcase classname="tc.SubtractionTest" name="subTest" time="0.000"/>
  <system-out/>
</testsuite> <!-- tc.SubtractionTest -->
